<?xml version="1.0" encoding="UTF-8"?>
<testng-results ignored="2" total="3" passed="1" failed="0" skipped="0">
  <reporter-output>
  </reporter-output>
  <suite started-at="2024-03-21T08:44:01 MDT" name="Default suite" finished-at="2024-03-21T08:44:04 MDT" duration-ms="2295">
    <groups>
    </groups>
    <test started-at="2024-03-21T08:44:01 MDT" name="Default test" finished-at="2024-03-21T08:44:04 MDT" duration-ms="2295">
      <class name="com.GitHub.API.GetRepo">
        <test-method is-config="true" signature="init()[pri:0, instance:com.GitHub.API.GetRepo@48ae9b55]" started-at="2024-03-21T08:44:01 MDT" name="init" finished-at="2024-03-21T08:44:02 MDT" duration-ms="397" status="PASS">
          <reporter-output>
          </reporter-output>
        </test-method> <!-- init -->
        <test-method signature="getAllRepos()[pri:0, instance:com.GitHub.API.GetRepo@48ae9b55]" started-at="2024-03-21T08:44:02 MDT" name="getAllRepos" finished-at="2024-03-21T08:44:04 MDT" duration-ms="1872" status="PASS">
          <reporter-output>
          </reporter-output>
        </test-method> <!-- getAllRepos -->
      </class> <!-- com.GitHub.API.GetRepo -->
    </test> <!-- Default test -->
  </suite> <!-- Default suite -->
</testng-results>
