<?xml version="1.0" encoding="UTF-8"?>
<!-- Generated by org.testng.reporters.JUnitXMLReporter -->
<testsuite ignored="0" hostname="Meenulaptop" failures="0" tests="3" name="My first Test" time="0.048" errors="0" timestamp="2024-02-08T20:27:36 MST">
  <testcase classname="com.testNg.testing.testTestNgTestOne" name="loginFireBase" time="0.01"/>
  <testcase classname="com.testNg.testing.testTestNgTestOne" name="loginFirst" time="0.001"/>
  <testcase classname="com.testNg.testing.TestNGTwo" name="loginTest" time="0.001"/>
</testsuite> <!-- My first Test -->
