<?xml version="1.0" encoding="UTF-8"?>
<!-- Generated by org.testng.reporters.JUnitXMLReporter -->
<testsuite ignored="2" hostname="Meenulaptop" failures="0" tests="1" name="Default test" time="2.295" errors="0" timestamp="2024-03-21T08:44:04 MDT">
  <testcase classname="com.GitHub.API.GetRepo" name="getAllRepos" time="1.872"/>
  <testcase classname="com.GitHub.API.GetRepo" name="getUserOneRepo" time="0.0">
    <ignored/>
  </testcase> <!-- getUserOneRepo -->
  <testcase classname="com.GitHub.API.GetRepo" name="getNonexistingRepo" time="0.0">
    <ignored/>
  </testcase> <!-- getNonexistingRepo -->
</testsuite> <!-- Default test -->
